<?xml version="1.0" encoding="UTF-8"?>
<!-- Generated by org.testng.reporters.JUnitReportReporter -->
<testsuite hostname="SHARAN-PATIL" name="CheckboxAndRadiobtn" tests="1" failures="0" timestamp="19 Apr 2018 11:21:37 GMT" time="18.059" errors="0">
  <testcase name="BoxandRadio" time="18.059" classname="CheckboxAndRadiobtn"/>
</testsuite> <!-- CheckboxAndRadiobtn -->
