<?xml version="1.0" encoding="UTF-8"?>
<!-- Generated by org.testng.reporters.JUnitReportReporter -->
<testsuite hostname="SHARAN-PATIL" name="SeleniumTestNg" tests="1" failures="0" timestamp="7 Mar 2018 10:43:13 GMT" time="20.029" errors="0">
  <testcase name="myTestMethod" time="20.029" classname="SeleniumTestNg"/>
</testsuite> <!-- SeleniumTestNg -->
