<?xml version="1.0" encoding="UTF-8"?>
<!-- Generated by org.testng.reporters.JUnitReportReporter -->
<testsuite hostname="SHARAN-PATIL" name="Testngnew" tests="2" failures="0" timestamp="7 Mar 2018 11:06:10 GMT" time="0.000" errors="0">
  <testcase name="testCase1" time="0.000" classname="Testngnew"/>
  <testcase name="testCase2" time="0.000" classname="Testngnew"/>
</testsuite> <!-- Testngnew -->
