<?xml version="1.0" encoding="UTF-8"?>
<!-- Generated by org.testng.reporters.JUnitReportReporter -->
<testsuite hostname="SHARAN-PATIL" name="DateandTime" tests="1" failures="0" timestamp="18 Apr 2018 09:51:05 GMT" time="80.546" errors="0">
  <testcase name="datemethod" time="80.546" classname="DateandTime"/>
</testsuite> <!-- DateandTime -->
