<?xml version="1.0" encoding="UTF-8"?>
<!-- Generated by org.testng.reporters.JUnitReportReporter -->
<testsuite hostname="SHARAN-PATIL" name="Testng" tests="3" failures="0" timestamp="7 Mar 2018 11:04:18 GMT" time="0.031" errors="0">
  <testcase name="LogOut" time="0.016" classname="Testng"/>
  <testcase name="OpenBrowser" time="0.015" classname="Testng"/>
  <testcase name="SignIn" time="0.000" classname="Testng"/>
</testsuite> <!-- Testng -->
